[debug] [2022-09-16T11:44:49.166Z] ----------------------------------------------------------------------
[debug] [2022-09-16T11:44:49.169Z] Command:       C:\Program Files\nodejs\node.exe C:\Users\akibb\AppData\Roaming\npm\node_modules\firebase-tools\lib\bin\firebase.js init
[debug] [2022-09-16T11:44:49.171Z] CLI Version:   11.8.0
[debug] [2022-09-16T11:44:49.171Z] Platform:      win32
[debug] [2022-09-16T11:44:49.171Z] Node Version:  v16.16.0
[debug] [2022-09-16T11:44:49.173Z] Time:          Fri Sep 16 2022 17:44:49 GMT+0600 (Bangladesh Standard Time)
[debug] [2022-09-16T11:44:49.173Z] ----------------------------------------------------------------------
[debug] 
[debug] [2022-09-16T11:44:49.179Z] >>> [apiv2][query] GET https://firebase-public.firebaseio.com/cli.json [none]
[debug] [2022-09-16T11:44:49.221Z] > command requires scopes: ["email","openid","https://www.googleapis.com/auth/cloudplatformprojects.readonly","https://www.googleapis.com/auth/firebase","https://www.googleapis.com/auth/cloud-platform"]
[debug] [2022-09-16T11:44:49.222Z] > authorizing via signed-in user (akibbhh@gmail.com)
[info] 
     ######## #### ########  ######## ########     ###     ######  ########
     ##        ##  ##     ## ##       ##     ##  ##   ##  ##       ##
     ######    ##  ########  ######   ########  #########  ######  ######
     ##        ##  ##    ##  ##       ##     ## ##     ##       ## ##
     ##       #### ##     ## ######## ########  ##     ##  ######  ########

You're about to initialize a Firebase project in this directory:

  H:\Jonkar mahbub\React\Doctor Portal 2\client

[debug] [2022-09-16T11:44:50.061Z] <<< [apiv2][status] GET https://firebase-public.firebaseio.com/cli.json 200
[debug] [2022-09-16T11:44:50.061Z] <<< [apiv2][body] GET https://firebase-public.firebaseio.com/cli.json {"cloudBuildErrorAfter":1594252800000,"cloudBuildWarnAfter":1590019200000,"defaultNode10After":1594252800000,"minVersion":"3.0.5","node8DeploysDisabledAfter":1613390400000,"node8RuntimeDisabledAfter":1615809600000,"node8WarnAfter":1600128000000}
[info] 
=== Project Setup
[info] 
[info] First, let's associate this project directory with a Firebase project.
[info] You can create multiple project aliases by running firebase use --add, 
[info] but for now we'll just set up a default project.
[info] 
[debug] [2022-09-16T11:47:18.124Z] > refreshing access token with scopes: []
[debug] [2022-09-16T11:47:18.127Z] >>> [apiv2][query] POST https://www.googleapis.com/oauth2/v3/token [none]
[debug] [2022-09-16T11:47:18.127Z] >>> [apiv2][body] POST https://www.googleapis.com/oauth2/v3/token [omitted]
[debug] [2022-09-16T11:47:18.696Z] <<< [apiv2][status] POST https://www.googleapis.com/oauth2/v3/token 200
[debug] [2022-09-16T11:47:18.696Z] <<< [apiv2][body] POST https://www.googleapis.com/oauth2/v3/token [omitted]
[debug] [2022-09-16T11:47:18.786Z] >>> [apiv2][query] GET https://firebase.googleapis.com/v1beta1/projects pageSize=100
[debug] [2022-09-16T11:47:20.096Z] <<< [apiv2][status] GET https://firebase.googleapis.com/v1beta1/projects 200
[debug] [2022-09-16T11:47:20.096Z] <<< [apiv2][body] GET https://firebase.googleapis.com/v1beta1/projects [omitted]
